<?xml version="1.0" encoding="UTF-8"?>
<testng-results skipped="0" failed="0" total="1" passed="1">
  <reporter-output>
  </reporter-output>
  <suite name="Default suite" duration-ms="678" started-at="2018-08-22T18:39:46Z" finished-at="2018-08-22T18:39:47Z">
    <groups>
      <group name="cucumber">
        <method signature="AbstractTestNGCucumberTests.feature(cucumber.api.testng.CucumberFeatureWrapper)[pri:0, instance:runner.Test@17579e0f]" name="feature" class="cucumber.api.testng.AbstractTestNGCucumberTests"/>
      </group> <!-- cucumber -->
    </groups>
    <test name="Default test" duration-ms="678" started-at="2018-08-22T18:39:46Z" finished-at="2018-08-22T18:39:47Z">
      <class name="runner.Test">
        <test-method status="PASS" signature="setUpClass()[pri:0, instance:runner.Test@17579e0f]" name="setUpClass" is-config="true" duration-ms="462" started-at="2018-08-22T13:39:46Z" finished-at="2018-08-22T13:39:47Z">
          <reporter-output>
          </reporter-output>
        </test-method> <!-- setUpClass -->
        <test-method status="PASS" signature="feature(cucumber.api.testng.CucumberFeatureWrapper)[pri:0, instance:runner.Test@17579e0f]" name="feature" duration-ms="21" started-at="2018-08-22T13:39:47Z" description="Runs Cucumber Feature" data-provider="features" finished-at="2018-08-22T13:39:47Z">
          <params>
            <param index="0">
              <value>
                <![CDATA[Test Amazon]]>
              </value>
            </param>
          </params>
          <reporter-output>
          </reporter-output>
        </test-method> <!-- feature -->
        <test-method status="PASS" signature="tearDownClass()[pri:0, instance:runner.Test@17579e0f]" name="tearDownClass" is-config="true" duration-ms="40" started-at="2018-08-22T13:39:47Z" finished-at="2018-08-22T13:39:47Z">
          <reporter-output>
          </reporter-output>
        </test-method> <!-- tearDownClass -->
      </class> <!-- runner.Test -->
    </test> <!-- Default test -->
  </suite> <!-- Default suite -->
</testng-results>
